&FUEL_SCALARS
 CMBCNST=  17433000.0    ,
 HFGL=  170000.000    ,
 FUELMC_G= 0.180000007    ,
 FUELMC_C=  1.00000000    ,
 NFUELCATS=13         ,
 NO_FUEL_CAT=14         ,
 /
&FUEL_CATEGORIES
 FUEL_NAME="1: Short grass (1 ft)                                                           ","2: Timber (grass and understory)                                                ","3: Tall grass (2.5 ft)                                                          ","4: Chaparral (6 ft)                                                             ","5: Brush (2 ft)                                                                 ",
 "6: Dormant brush, hardwood slash                                                ","7: Southern rough                                                               ","8: Closed timber litter                                                         ","9: Hardwood litter                                                              ","10: Timber (litter + understory)                                                ","11: Light logging slash                                                         ",
 "12: Medium logging slash                                                        ","13: Heavy logging slash                                                         ","14: no fuel                                                                     ", 16*"                                                                                ",
 WINDRF= 2*0.360000014     , 0.439999998    , 0.550000012    , 0.419999987    , 2*0.439999998     ,
  4*0.360000014     , 0.430000007    , 0.460000008    ,  1.00000001E-07, 16*0.00000000      ,
 FGI= 0.165999994    , 0.896000028    , 0.674000025    ,  3.59100008    , 0.783999979    ,
   1.34399998    ,  1.09099996    ,  1.12000000    , 0.779999971    ,  2.69199991    ,  2.58200002    ,
   7.74900007    ,  13.0240002    ,  1.00000001E-07, 16*0.00000000      ,
 FUELDEPTHM= 2*0.305000007     , 0.762000024    ,  1.82900000    , 0.610000014    , 2*0.762000024     ,
  2*6.10000007E-02  , 2*0.305000007     , 0.700999975    , 0.913999975    , 0.305000007    , 16*0.00000000      ,
 
 SAVR=  3500.00000    ,  2784.00000    ,  1500.00000    ,  1739.00000    ,  1683.00000    ,
   1564.00000    ,  1562.00000    ,  1889.00000    ,  2484.00000    ,  1764.00000    ,  1182.00000    ,
   1145.00000    ,  1159.00000    ,  3500.00000    , 16*0.00000000      ,
 FUELMCE= 0.119999997    , 0.150000006    , 0.250000000    , 2*0.200000003     , 0.250000000    ,
  0.400000006    , 0.300000012    , 2*0.250000000     , 0.150000006    , 0.200000003    , 0.250000000    ,
  0.119999997    , 16*0.00000000      ,
 FUELDENS= 14*32.0000000      , 16*0.00000000      ,
 ST= 14*5.55000007E-02  , 16*0.00000000      ,
 SE= 14*9.99999978E-03  , 16*0.00000000      ,
 WEIGHT= 3*7.00000000      ,  180.000000    , 3*100.000000      , 6*900.000000      ,  7.00000000    ,
  16*0.00000000      ,
 FCI_D= 3*0.00000000      ,  1.12300003    , 3*0.00000000      , 6*1.12100005      , 17*0.00000000      ,
 
 FCT= 8*60.0000000      ,  120.000000    , 4*180.000000      ,  60.0000000    , 16*0.00000000      ,
 
 ICHAP= 3*0          ,1          , 26*0          ,
 FGI_1H= 0.740000010    ,  2.00000000    ,  3.00999999    ,  5.01000023    ,  1.00000000    ,
   1.50000000    ,  1.13000000    ,  1.50000000    ,  2.92000008    ,  3.00999999    ,  1.50000000    ,
   4.01000023    ,  7.01000023    , 17*0.00000000      ,
 FGI_10H=  0.00000000    ,  1.00000000    ,  0.00000000    ,  4.01000023    , 0.500000000    ,
   2.50000000    ,  1.87000000    ,  1.00000000    , 0.409999996    ,  2.00000000    ,  4.51000023    ,
   14.0299997    ,  23.0400009    , 17*0.00000000      ,
 FGI_100H=  0.00000000    , 0.500000000    ,  0.00000000    ,  2.00000000    ,  0.00000000    ,
   2.00000000    ,  1.50000000    ,  2.50000000    , 0.150000006    ,  5.01000023    ,  5.51000023    ,
   16.5300007    ,  28.0499992    , 17*0.00000000      ,
 FGI_1000H= 30*0.00000000      ,
 FGI_LIVE=  0.00000000    , 0.500000000    ,  0.00000000    ,  5.01000023    ,  2.00000000    ,
   0.00000000    , 0.370000005    , 2*0.00000000      ,  2.00000000    ,  0.00000000    ,  2.29999995    ,
  18*0.00000000      ,
 /
&FUEL_MOISTURE
 MOISTURE_CLASSES=5          ,
 DRYING_LAG=  1.00000000    ,  10.0000000    ,  100.000000    ,  1000.00000    ,  1.00000000E+09,
 
 WETTING_LAG=  1.39999998    ,  14.0000000    ,  140.000000    ,  1400.00000    ,  1.00000000E+09,
 
 SATURATION_MOISTURE= 5*2.50000000      ,
 SATURATION_RAIN= 5*8.00000000      ,
 RAIN_THRESHOLD= 5*5.00000007E-02  ,
 DRYING_MODEL= 5*1          ,
 WETTING_MODEL= 5*1          ,
 MOISTURE_CLASS_NAME="1-h                                                                             ","10-h                                                                            ","100-h                                                                           ","1000-h                                                                          ","Live                                                                            ",
 
 FMC_GC_INITIALIZATION= 4*2          ,3          ,
 FMC_1H=  7.99999982E-02,
 FMC_10H=  7.99999982E-02,
 FMC_100H=  7.99999982E-02,
 FMC_1000H=  7.99999982E-02,
 FMC_LIVE= 0.300000012    ,
 /
